<?xml version="1.0" encoding="UTF-8"?>
<!-- Generated by org.testng.reporters.JUnitXMLReporter -->
<testsuite ignored="0" hostname="Sonaji" failures="0" tests="6" name="Default test" time="49.69" errors="0" timestamp="2024-09-05T02:23:17 IST">
  <testcase classname="com.Test.Test1" name="initializeHomePage" time="1.687"/>
  <testcase classname="com.Test.Test1" name="navigateToRevenueCalculator" time="0.571"/>
  <testcase classname="com.Test.Test1" name="scrollDownToTheSliderSectionAndAdjustAndValidateValue" time="4.69"/>
  <testcase classname="com.Test.Test1" name="updateAndValidateTextField" time="4.938"/>
  <testcase classname="com.Test.Test1" name="selectGivenCPTCodes" time="5.95"/>
  <testcase classname="com.Test.Test1" name="validateTotalRecurringReimbursement" time="4.875"/>
</testsuite> <!-- Default test -->
