<?xml version="1.0" encoding="UTF-8"?>
<!-- Generated by org.testng.reporters.JUnitXMLReporter -->
<testsuite ignored="0" hostname="Sonaji" failures="0" tests="6" name="Test" time="30.418" errors="0" timestamp="2024-09-04T12:47:27 IST">
  <testcase classname="com.Test.Test1" name="initializeHomePage" time="0.925"/>
  <testcase classname="com.Test.Test1" name="navigateToRevenueCalculator" time="0.276"/>
  <testcase classname="com.Test.Test1" name="scrollDownToTheSliderSectionAndAdjustAndValidateValue" time="4.497"/>
  <testcase classname="com.Test.Test1" name="updateAndValidateTextField" time="4.428"/>
  <testcase classname="com.Test.Test1" name="selectGivenCPTCodes" time="5.414"/>
  <testcase classname="com.Test.Test1" name="validateTotalRecurringReimbursement" time="4.411"/>
</testsuite> <!-- Test -->
